<?xml version="1.0" encoding="UTF-8"?>
<testsuite name="com.userregistration.UserRegistrationTest" tests="1" skipped="0" failures="0" errors="0" timestamp="2020-10-07T07:25:56" hostname="DESKTOP-25DPEJS" time="0.007">
  <properties/>
  <testcase name="givenPassWord_WhenPropre_SholudReturnTrue" classname="com.userregistration.UserRegistrationTest" time="0.007"/>
  <system-out><![CDATA[]]></system-out>
  <system-err><![CDATA[]]></system-err>
</testsuite>
