<?xml version="1.0" encoding="UTF-8"?>
<testsuite name="com.userregistration.UserEmailSampleTest" tests="22" skipped="0" failures="0" errors="0" timestamp="2020-10-07T06:35:51" hostname="DESKTOP-25DPEJS" time="0.1">
  <properties/>
  <testcase name="givenEmailAddress_WhenProper_ShouldReturnTure[0]" classname="com.userregistration.UserEmailSampleTest" time="0.006"/>
  <testcase name="givenEmailAddress_WhenProper_ShouldReturnTure[1]" classname="com.userregistration.UserEmailSampleTest" time="0.0"/>
  <testcase name="givenEmailAddress_WhenProper_ShouldReturnTure[2]" classname="com.userregistration.UserEmailSampleTest" time="0.003"/>
  <testcase name="givenEmailAddress_WhenProper_ShouldReturnTure[3]" classname="com.userregistration.UserEmailSampleTest" time="0.0"/>
  <testcase name="givenEmailAddress_WhenProper_ShouldReturnTure[4]" classname="com.userregistration.UserEmailSampleTest" time="0.002"/>
  <testcase name="givenEmailAddress_WhenProper_ShouldReturnTure[5]" classname="com.userregistration.UserEmailSampleTest" time="0.001"/>
  <testcase name="givenEmailAddress_WhenProper_ShouldReturnTure[6]" classname="com.userregistration.UserEmailSampleTest" time="0.002"/>
  <testcase name="givenEmailAddress_WhenProper_ShouldReturnTure[7]" classname="com.userregistration.UserEmailSampleTest" time="0.002"/>
  <testcase name="givenEmailAddress_WhenProper_ShouldReturnTure[8]" classname="com.userregistration.UserEmailSampleTest" time="0.001"/>
  <testcase name="givenEmailAddress_WhenProper_ShouldReturnTure[9]" classname="com.userregistration.UserEmailSampleTest" time="0.002"/>
  <testcase name="givenEmailAddress_WhenProper_ShouldReturnTure[10]" classname="com.userregistration.UserEmailSampleTest" time="0.0"/>
  <testcase name="givenEmailAddress_WhenProper_ShouldReturnTure[11]" classname="com.userregistration.UserEmailSampleTest" time="0.001"/>
  <testcase name="givenEmailAddress_WhenProper_ShouldReturnTure[12]" classname="com.userregistration.UserEmailSampleTest" time="0.002"/>
  <testcase name="givenEmailAddress_WhenProper_ShouldReturnTure[13]" classname="com.userregistration.UserEmailSampleTest" time="0.0"/>
  <testcase name="givenEmailAddress_WhenProper_ShouldReturnTure[14]" classname="com.userregistration.UserEmailSampleTest" time="0.0"/>
  <testcase name="givenEmailAddress_WhenProper_ShouldReturnTure[15]" classname="com.userregistration.UserEmailSampleTest" time="0.005"/>
  <testcase name="givenEmailAddress_WhenProper_ShouldReturnTure[16]" classname="com.userregistration.UserEmailSampleTest" time="0.004"/>
  <testcase name="givenEmailAddress_WhenProper_ShouldReturnTure[17]" classname="com.userregistration.UserEmailSampleTest" time="0.0"/>
  <testcase name="givenEmailAddress_WhenProper_ShouldReturnTure[18]" classname="com.userregistration.UserEmailSampleTest" time="0.0"/>
  <testcase name="givenEmailAddress_WhenProper_ShouldReturnTure[19]" classname="com.userregistration.UserEmailSampleTest" time="0.001"/>
  <testcase name="givenEmailAddress_WhenProper_ShouldReturnTure[20]" classname="com.userregistration.UserEmailSampleTest" time="0.001"/>
  <testcase name="givenEmailAddress_WhenProper_ShouldReturnTure[21]" classname="com.userregistration.UserEmailSampleTest" time="0.002"/>
  <system-out><![CDATA[]]></system-out>
  <system-err><![CDATA[]]></system-err>
</testsuite>
