<?xml version="1.0" encoding="UTF-8"?>
<testsuite name="com.userregistration.UserRegistrationTest" tests="1" skipped="0" failures="0" errors="0" timestamp="2020-10-07T03:41:08" hostname="DESKTOP-25DPEJS" time="0.011">
  <properties/>
  <testcase name="givenEmailAddress_WhenNotProper_ShouldReturnFalse" classname="com.userregistration.UserRegistrationTest" time="0.011"/>
  <system-out><![CDATA[]]></system-out>
  <system-err><![CDATA[]]></system-err>
</testsuite>
