<?xml version="1.0" encoding="UTF-8"?>
<testsuite name="com.userregistration.UserRegistrationTest" tests="1" skipped="0" failures="0" errors="0" timestamp="2020-10-07T05:00:19" hostname="DESKTOP-25DPEJS" time="0.008">
  <properties/>
  <testcase name="givenPassWord_WhenNotHaveAnAtleastOneUpper_ShouldReturnFalse" classname="com.userregistration.UserRegistrationTest" time="0.008"/>
  <system-out><![CDATA[]]></system-out>
  <system-err><![CDATA[]]></system-err>
</testsuite>
